0 info it worked if it ends with ok
1 verbose cli [ '/usr/local/bin/node',
1 verbose cli   '/usr/local/bin/npm',
1 verbose cli   'install',
1 verbose cli   '-D',
1 verbose cli   'git+file:///Users/ziphwy/Gitstore/conshow#HEAD' ]
2 info using npm@3.10.10
3 info using node@v6.11.1
4 silly loadCurrentTree Starting
5 silly install loadCurrentTree
6 silly install readLocalPackageData
7 silly fetchPackageMetaData git+file:///Users/ziphwy/Gitstore/conshow#HEAD
8 silly fetchOtherPackageData git+file:///Users/ziphwy/Gitstore/conshow#HEAD
9 silly cache add args [ 'git+file:///Users/ziphwy/Gitstore/conshow#HEAD', null ]
10 verbose cache add spec git+file:///Users/ziphwy/Gitstore/conshow#HEAD
11 silly cache add parsed spec Result {
11 silly cache add   raw: 'git+file:///Users/ziphwy/Gitstore/conshow#HEAD',
11 silly cache add   scope: null,
11 silly cache add   escapedName: null,
11 silly cache add   name: null,
11 silly cache add   rawSpec: 'git+file:///Users/ziphwy/Gitstore/conshow#HEAD',
11 silly cache add   spec: 'file:///Users/ziphwy/Gitstore/conshow#HEAD',
11 silly cache add   type: 'git' }
12 verbose addRemoteGit caching git+file:///Users/ziphwy/Gitstore/conshow#HEAD
13 silly tryClone cloning git+file:///Users/ziphwy/Gitstore/conshow#HEAD via git+file:///Users/ziphwy/Gitstore/conshow#HEAD
14 verbose tryClone git-file-Users-ziphwy-Gitstore-conshow-HEAD-df3c0a15 not in flight; caching
15 verbose correctMkdir /Users/ziphwy/.npm/_git-remotes correctMkdir not in flight; initializing
16 info git [ 'clone',
16 info git   '--template=/Users/ziphwy/.npm/_git-remotes/_templates',
16 info git   '--mirror',
16 info git   'file:///Users/ziphwy/Gitstore/conshow',
16 info git   '/Users/ziphwy/.npm/_git-remotes/git-file-Users-ziphwy-Gitstore-conshow-HEAD-df3c0a15' ]
17 verbose mirrorRemote git+file:///Users/ziphwy/Gitstore/conshow#HEAD git clone file:///Users/ziphwy/Gitstore/conshow
18 verbose correctMkdir /Users/ziphwy/.npm/_git-remotes correctMkdir not in flight; initializing
19 verbose setPermissions git+file:///Users/ziphwy/Gitstore/conshow#HEAD set permissions on /Users/ziphwy/.npm/_git-remotes/git-file-Users-ziphwy-Gitstore-conshow-HEAD-df3c0a15
20 verbose resolveHead git+file:///Users/ziphwy/Gitstore/conshow#HEAD original treeish: HEAD
21 info git [ 'rev-list', '-n1', 'HEAD' ]
22 silly resolveHead git+file:///Users/ziphwy/Gitstore/conshow#HEAD resolved treeish: 8d27a002a473b7b94410539f303a3dfb1743e313
23 verbose resolveHead git+file:///Users/ziphwy/Gitstore/conshow#HEAD resolved Git URL: git+file:///Users/ziphwy/Gitstore/conshow#8d27a002a473b7b94410539f303a3dfb1743e313
24 silly resolveHead Git working directory: /var/folders/q0/9rzzqyr14qq2015q53zmj16m0000gn/T/npm-88244-69695936/git-cache-79ce89dc/8d27a002a473b7b94410539f303a3dfb1743e313
25 info git [ 'clone',
25 info git   '/Users/ziphwy/.npm/_git-remotes/git-file-Users-ziphwy-Gitstore-conshow-HEAD-df3c0a15',
25 info git   '/var/folders/q0/9rzzqyr14qq2015q53zmj16m0000gn/T/npm-88244-69695936/git-cache-79ce89dc/8d27a002a473b7b94410539f303a3dfb1743e313' ]
26 verbose cloneResolved git+file:///Users/ziphwy/Gitstore/conshow#HEAD clone Cloning into '/var/folders/q0/9rzzqyr14qq2015q53zmj16m0000gn/T/npm-88244-69695936/git-cache-79ce89dc/8d27a002a473b7b94410539f303a3dfb1743e313'...
26 verbose cloneResolved done.
27 info git [ 'checkout', '8d27a002a473b7b94410539f303a3dfb1743e313' ]
28 verbose checkoutTreeish git+file:///Users/ziphwy/Gitstore/conshow#HEAD checkout Note: checking out '8d27a002a473b7b94410539f303a3dfb1743e313'.
28 verbose checkoutTreeish
28 verbose checkoutTreeish You are in 'detached HEAD' state. You can look around, make experimental
28 verbose checkoutTreeish changes and commit them, and you can discard any commits you make in this
28 verbose checkoutTreeish state without impacting any branches by performing another checkout.
28 verbose checkoutTreeish
28 verbose checkoutTreeish If you want to create a new branch to retain commits you create, you may
28 verbose checkoutTreeish do so (now or later) by using -b with the checkout command again. Example:
28 verbose checkoutTreeish
28 verbose checkoutTreeish   git checkout -b <new-branch-name>
28 verbose checkoutTreeish
28 verbose checkoutTreeish HEAD is now at 8d27a00... make Conshow.prototype.table use as chrome console.table
29 info git [ 'submodule', '-q', 'update', '--init', '--recursive' ]
30 verbose updateSubmodules git+file:///Users/ziphwy/Gitstore/conshow#HEAD submodule update
31 verbose addLocalDirectory /Users/ziphwy/.npm/conshow/0.0.1/package.tgz not in flight; packing
32 verbose correctMkdir /Users/ziphwy/.npm correctMkdir not in flight; initializing
33 verbose tar pack [ '/Users/ziphwy/.npm/conshow/0.0.1/package.tgz',
33 verbose tar pack   '/var/folders/q0/9rzzqyr14qq2015q53zmj16m0000gn/T/npm-88244-69695936/git-cache-79ce89dc/8d27a002a473b7b94410539f303a3dfb1743e313' ]
34 verbose tarball /Users/ziphwy/.npm/conshow/0.0.1/package.tgz
35 verbose folder /var/folders/q0/9rzzqyr14qq2015q53zmj16m0000gn/T/npm-88244-69695936/git-cache-79ce89dc/8d27a002a473b7b94410539f303a3dfb1743e313
36 verbose addLocalTarball adding from inside cache /Users/ziphwy/.npm/conshow/0.0.1/package.tgz
37 verbose correctMkdir /Users/ziphwy/.npm correctMkdir not in flight; initializing
38 verbose addRemoteGit data._from: git+file:///Users/ziphwy/Gitstore/conshow#HEAD
39 verbose addRemoteGit data._resolved: git+file:///Users/ziphwy/Gitstore/conshow#8d27a002a473b7b94410539f303a3dfb1743e313
40 silly cache afterAdd conshow@0.0.1
41 verbose afterAdd /Users/ziphwy/.npm/conshow/0.0.1/package/package.json not in flight; writing
42 verbose correctMkdir /Users/ziphwy/.npm correctMkdir not in flight; initializing
43 verbose afterAdd /Users/ziphwy/.npm/conshow/0.0.1/package/package.json written
44 silly install normalizeTree
45 silly loadCurrentTree Finishing
46 silly loadIdealTree Starting
47 silly install loadIdealTree
48 silly cloneCurrentTree Starting
49 silly install cloneCurrentTreeToIdealTree
50 silly cloneCurrentTree Finishing
51 silly loadShrinkwrap Starting
52 silly install loadShrinkwrap
53 silly loadShrinkwrap Finishing
54 silly loadAllDepsIntoIdealTree Starting
55 silly install loadAllDepsIntoIdealTree
56 silly rollbackFailedOptional Starting
57 silly rollbackFailedOptional Finishing
58 silly runTopLevelLifecycles Finishing
59 silly install printInstalled
60 verbose stack Error: Refusing to install conshow as a dependency of itself
60 verbose stack     at checkSelf (/usr/local/lib/node_modules/npm/lib/install/validate-args.js:53:14)
60 verbose stack     at Array.<anonymous> (/usr/local/lib/node_modules/npm/node_modules/slide/lib/bind-actor.js:15:8)
60 verbose stack     at LOOP (/usr/local/lib/node_modules/npm/node_modules/slide/lib/chain.js:15:14)
60 verbose stack     at chain (/usr/local/lib/node_modules/npm/node_modules/slide/lib/chain.js:20:5)
60 verbose stack     at /usr/local/lib/node_modules/npm/lib/install/validate-args.js:16:5
60 verbose stack     at /usr/local/lib/node_modules/npm/node_modules/slide/lib/async-map.js:52:35
60 verbose stack     at Array.forEach (native)
60 verbose stack     at /usr/local/lib/node_modules/npm/node_modules/slide/lib/async-map.js:52:11
60 verbose stack     at Array.forEach (native)
60 verbose stack     at asyncMap (/usr/local/lib/node_modules/npm/node_modules/slide/lib/async-map.js:51:8)
61 verbose cwd /Users/ziphwy/Gitstore/conshow
62 error Darwin 16.7.0
63 error argv "/usr/local/bin/node" "/usr/local/bin/npm" "install" "-D" "git+file:///Users/ziphwy/Gitstore/conshow#HEAD"
64 error node v6.11.1
65 error npm  v3.10.10
66 error code ENOSELF
67 error Refusing to install conshow as a dependency of itself
68 error If you need help, you may report this error at:
68 error     <https://github.com/npm/npm/issues>
69 verbose exit [ 1, true ]
